<?xml version="1.0" encoding="UTF-8"?>
<testng-results ignored="0" total="2" passed="2" failed="0" skipped="0">
  <reporter-output>
  </reporter-output>
  <suite started-at="2025-09-25T20:15:37 IST" name="LambdaTest Cross Browser Suite" finished-at="2025-09-25T20:16:44 IST" duration-ms="67210">
    <groups>
    </groups>
    <test started-at="2025-09-25T20:15:37 IST" name="Edge on macOS Ventura" finished-at="2025-09-25T20:16:08 IST" duration-ms="31571">
      <class name="test.LambdaTestEdgeMac">
        <test-method is-config="true" signature="setUp(java.lang.String,java.lang.String)[pri:0, instance:test.LambdaTestEdgeMac@2ddc9a9f]" started-at="2025-09-25T20:15:37 IST" name="setUp" finished-at="2025-09-25T20:15:47 IST" duration-ms="10104" status="PASS">
          <params>
            <param index="0">
              <value>
                <![CDATA[Edge]]>
              </value>
            </param>
            <param index="1">
              <value>
                <![CDATA[macOS Ventura]]>
              </value>
            </param>
          </params>
          <reporter-output>
          </reporter-output>
        </test-method> <!-- setUp -->
        <test-method signature="runEdgeScenario()[pri:0, instance:test.LambdaTestEdgeMac@2ddc9a9f]" started-at="2025-09-25T20:15:47 IST" name="runEdgeScenario" finished-at="2025-09-25T20:16:08 IST" duration-ms="21371" status="PASS">
          <reporter-output>
          </reporter-output>
        </test-method> <!-- runEdgeScenario -->
        <test-method is-config="true" signature="tearDown()[pri:0, instance:test.LambdaTestEdgeMac@2ddc9a9f]" started-at="2025-09-25T20:16:08 IST" name="tearDown" finished-at="2025-09-25T20:16:08 IST" duration-ms="61" status="PASS">
          <reporter-output>
          </reporter-output>
        </test-method> <!-- tearDown -->
      </class> <!-- test.LambdaTestEdgeMac -->
    </test> <!-- Edge on macOS Ventura -->
    <test started-at="2025-09-25T20:15:37 IST" name="Chrome on Windows 10" finished-at="2025-09-25T20:16:44 IST" duration-ms="67210">
      <class name="test.LambdaTestChromeWin10">
        <test-method is-config="true" signature="setUp(java.lang.String,java.lang.String)[pri:0, instance:test.LambdaTestChromeWin10@3e11f9e9]" started-at="2025-09-25T20:15:37 IST" name="setUp" finished-at="2025-09-25T20:16:24 IST" duration-ms="47756" status="PASS">
          <params>
            <param index="0">
              <value>
                <![CDATA[Chrome]]>
              </value>
            </param>
            <param index="1">
              <value>
                <![CDATA[Windows 10]]>
              </value>
            </param>
          </params>
          <reporter-output>
          </reporter-output>
        </test-method> <!-- setUp -->
        <test-method signature="runChromeScenario()[pri:0, instance:test.LambdaTestChromeWin10@3e11f9e9]" started-at="2025-09-25T20:16:24 IST" name="runChromeScenario" finished-at="2025-09-25T20:16:44 IST" duration-ms="19356" status="PASS">
          <reporter-output>
          </reporter-output>
        </test-method> <!-- runChromeScenario -->
        <test-method is-config="true" signature="tearDown()[pri:0, instance:test.LambdaTestChromeWin10@3e11f9e9]" started-at="2025-09-25T20:16:44 IST" name="tearDown" finished-at="2025-09-25T20:16:44 IST" duration-ms="68" status="PASS">
          <reporter-output>
          </reporter-output>
        </test-method> <!-- tearDown -->
      </class> <!-- test.LambdaTestChromeWin10 -->
    </test> <!-- Chrome on Windows 10 -->
  </suite> <!-- LambdaTest Cross Browser Suite -->
</testng-results>
