<?xml version="1.0" encoding="UTF-8"?>
<testsuite xmlns:xsi="http://www.w3.org/2001/XMLSchema-instance" xsi:noNamespaceSchemaLocation="https://maven.apache.org/surefire/maven-surefire-plugin/xsd/surefire-test-report-3.0.xsd" version="3.0" name="TestSuite" time="67.673" tests="2" errors="0" skipped="0" failures="0">
  <properties>
[...]
</properties>
  <testcase name="runEdgeScenario" classname="test.LambdaTestEdgeMac" time="21.374">
    <system-out><![CDATA[Locating 'Explore all Integrations' link...
Scrolled to 'Explore all Integrations'.
Opened 'Explore all Integrations' in a new tab.
Switched to new tab.
Actual page title: Running Automation Tests Using TestingWhiz LambdaTest | LambdaTest
Navigated to page with title: Running Automation Tests Using TestingWhiz LambdaTest | LambdaTest
Window count: 1
Navigated to: https://www.lambdatest.com/blog/
Current URL after clicking Community link: https://community.lambdatest.com/
]]></system-out>
    <system-err><![CDATA[SLF4J: Failed to load class "org.slf4j.impl.StaticLoggerBinder".
SLF4J: Defaulting to no-operation (NOP) logger implementation
SLF4J: See http://www.slf4j.org/codes.html#StaticLoggerBinder for further details.
Sept 25, 2025 8:15:37 PM org.openqa.selenium.remote.tracing.opentelemetry.OpenTelemetryTracer createTracer
INFO: Using OpenTelemetry for tracing
]]></system-err>
  </testcase>
  <testcase name="runChromeScenario" classname="test.LambdaTestChromeWin10" time="19.355">
    <system-out><![CDATA[Locating 'Explore all Integrations' link...
Scrolled to 'Explore all Integrations'.
Opened 'Explore all Integrations' in a new tab.
Switched to new tab.
Actual page title: Running Automation Tests Using TestingWhiz LambdaTest | LambdaTest
Navigated to page with title: Running Automation Tests Using TestingWhiz LambdaTest | LambdaTest
Window count: 1
Navigated to: https://www.lambdatest.com/blog/
Current URL after clicking Community link: https://community.lambdatest.com/
]]></system-out>
  </testcase>
</testsuite>