<?xml version="1.0" encoding="UTF-8"?>
<!-- Generated by org.testng.reporters.JUnitXMLReporter -->
<testsuite ignored="0" hostname="LIN-33ZSN94" failures="1" tests="1" name="Integration Test" time="15.993" errors="0" timestamp="2025-09-25T15:07:21 IST">
  <testcase classname="test.IntegrationTest" name="testIntegrationFlow" time="7.361">
    <failure type="java.lang.AssertionError" message="Expected 2 windows to be open expected [2] but found [1]">
      <![CDATA[java.lang.AssertionError: Expected 2 windows to be open expected [2] but found [1]
at test.IntegrationTest.testIntegrationFlow(IntegrationTest.java:48)
at java.base/java.util.concurrent.Executors$RunnableAdapter.call(Executors.java:572)
at java.base/java.util.concurrent.FutureTask.run(FutureTask.java:317)
at java.base/java.util.concurrent.ThreadPoolExecutor.runWorker(ThreadPoolExecutor.java:1144)
at java.base/java.util.concurrent.ThreadPoolExecutor$Worker.run(ThreadPoolExecutor.java:642)
at java.base/java.lang.Thread.run(Thread.java:1583)
... Removed 17 stack frames]]>
    </failure>
  </testcase> <!-- testIntegrationFlow -->
</testsuite> <!-- Integration Test -->
